Using pre-set license
Built from '2020.3/staging' branch; Version is '2020.3.11f1 (99c7afb366b3) revision 10078127'; Using compiler version '192528614'; Build Type 'Release'
OS: 'Windows 10 Home; OS build 19041.1083; Version 2004; 64bit' Language: 'en' Physical Memory: 8003 MB
BatchMode: 1, IsHumanControllingUs: 0, StartBugReporterOnCrash: 0, Is64bit: 1, IsPro: 0

 COMMAND LINE ARGUMENTS:
C:\Program Files\Unity\2020.3.11f1\Editor\Unity.exe
-adb2
-batchMode
-noUpm
-name
AssetImportWorker0
-projectPath
C:/Users/itsna/Documents/holbertonschool-unity/0x0D-unity-shadergraph
-logFile
Logs/AssetImportWorker0.log
-srvPort
60493
Successfully changed project path to: C:/Users/itsna/Documents/holbertonschool-unity/0x0D-unity-shadergraph
C:/Users/itsna/Documents/holbertonschool-unity/0x0D-unity-shadergraph
Using Asset Import Pipeline V2.
Refreshing native plugins compatible for Editor in 137.66 ms, found 2 plugins.
Preloading 0 native plugins for Editor in 0.00 ms.
Initialize engine version: 2020.3.11f1 (99c7afb366b3)
[Subsystems] Discovering subsystems at path C:/Program Files/Unity/2020.3.11f1/Editor/Data/Resources/UnitySubsystems
[Subsystems] Discovering subsystems at path C:/Users/itsna/Documents/holbertonschool-unity/0x0D-unity-shadergraph/Assets
GfxDevice: creating device client; threaded=0
Direct3D:
    Version:  Direct3D 11.0 [level 11.1]
    Renderer: NVIDIA GeForce GTX 1660 Ti with Max-Q Design (ID=0x2191)
    Vendor:   
    VRAM:     5991 MB
    Driver:   30.0.14.7111
Shader 'Universal Render Pipeline/Particles/Lit': fallback shader 'Universal Render Pipeline/Particles/SimpleLit' not found
Initialize mono
Mono path[0] = 'C:/Program Files/Unity/2020.3.11f1/Editor/Data/Managed'
Mono path[1] = 'C:/Program Files/Unity/2020.3.11f1/Editor/Data/MonoBleedingEdge/lib/mono/unityjit'
Mono config path = 'C:/Program Files/Unity/2020.3.11f1/Editor/Data/MonoBleedingEdge/etc'
Using monoOptions --debugger-agent=transport=dt_socket,embedding=1,server=y,suspend=n,address=127.0.0.1:56100
Begin MonoManager ReloadAssembly
Registering precompiled unity dll's ...
Register platform support module: C:/Program Files/Unity/2020.3.11f1/Editor/Data/PlaybackEngines/MacStandaloneSupport/UnityEditor.OSXStandalone.Extensions.dll
Register platform support module: C:/Program Files/Unity/2020.3.11f1/Editor/Data/PlaybackEngines/WindowsStandaloneSupport/UnityEditor.WindowsStandalone.Extensions.dll
Register platform support module: C:/Program Files/Unity/2020.3.11f1/Editor/Data/PlaybackEngines/LinuxStandaloneSupport/UnityEditor.LinuxStandalone.Extensions.dll
Registered in 0.002764 seconds.
Native extension for LinuxStandalone target not found
Native extension for WindowsStandalone target not found
Native extension for OSXStandalone target not found
Refreshing native plugins compatible for Editor in 41.75 ms, found 2 plugins.
Preloading 0 native plugins for Editor in 0.00 ms.
Mono: successfully reloaded assembly
- Completed reload, in  1.895 seconds
Platform modules already initialized, skipping
Registering precompiled user dll's ...
Registered in 0.086656 seconds.
Begin MonoManager ReloadAssembly
Native extension for LinuxStandalone target not found
Native extension for WindowsStandalone target not found
Native extension for OSXStandalone target not found
Refreshing native plugins compatible for Editor in 42.89 ms, found 2 plugins.
Preloading 0 native plugins for Editor in 0.00 ms.
Mono: successfully reloaded assembly
- Completed reload, in  1.072 seconds
Platform modules already initialized, skipping
========================================================================
Worker process is ready to serve import requests
Shader 'Universal Render Pipeline/Particles/Lit': fallback shader 'Universal Render Pipeline/Particles/SimpleLit' not found
Launched and connected shader compiler UnityShaderCompiler.exe after 0.05 seconds
Refreshing native plugins compatible for Editor in 0.45 ms, found 2 plugins.
Preloading 0 native plugins for Editor in 0.00 ms.
Unloading 2690 Unused Serialized files (Serialized files now loaded: 0)
System memory in use before: 122.2 MB.
System memory in use after: 122.4 MB.

Unloading 19 unused Assets to reduce memory usage. Loaded Objects now: 3123.
Total: 3.398500 ms (FindLiveObjects: 0.326700 ms CreateObjectMapping: 0.190200 ms MarkObjects: 2.794800 ms  DeleteObjects: 0.085400 ms)

========================================================================
Received Import Request.
  path: Assets/Shaders/glow_animated.shadergraph
  artifactKey: Guid(18b1644cdd8bee44abd46801ba6379b7) Importer(815301076,1909f56bfc062723c751e8b465ee728b)
Start importing Assets/Shaders/glow_animated.shadergraph using Guid(18b1644cdd8bee44abd46801ba6379b7) Importer(815301076,1909f56bfc062723c751e8b465ee728b)  -> (artifact id: '8c8cea8c79d93585afcd2c741d8e9c55') in 0.047585 seconds
  Import took 0.052407 seconds .

========================================================================
Received Import Request.
  Time since last request: 9.362058 seconds.
  path: Assets/Shaders/New Shader Graph.shadergraph
  artifactKey: Guid(e50c114565979f04d8a7445d38f84ba1) Importer(815301076,1909f56bfc062723c751e8b465ee728b)
Start importing Assets/Shaders/New Shader Graph.shadergraph using Guid(e50c114565979f04d8a7445d38f84ba1) Importer(815301076,1909f56bfc062723c751e8b465ee728b)  -> (artifact id: '540f4be6b456b9dd5077188784575d8a') in 0.009122 seconds
  Import took 0.016209 seconds .

========================================================================
Received Import Request.
  Time since last request: 0.001080 seconds.
  path: Assets/Shaders/New Shader Graph.shadergraph
  artifactKey: Guid(e50c114565979f04d8a7445d38f84ba1) Importer(815301076,1909f56bfc062723c751e8b465ee728b)
Start importing Assets/Shaders/New Shader Graph.shadergraph using Guid(e50c114565979f04d8a7445d38f84ba1) Importer(815301076,1909f56bfc062723c751e8b465ee728b)  -> (artifact id: '540f4be6b456b9dd5077188784575d8a') in 0.003445 seconds
  Import took 0.007887 seconds .

========================================================================
Received Import Request.
  Time since last request: 11.884205 seconds.
  path: Assets/Shaders/disintegrate.shadergraph
  artifactKey: Guid(e50c114565979f04d8a7445d38f84ba1) Importer(815301076,1909f56bfc062723c751e8b465ee728b)
Start importing Assets/Shaders/disintegrate.shadergraph using Guid(e50c114565979f04d8a7445d38f84ba1) Importer(815301076,1909f56bfc062723c751e8b465ee728b)  -> (artifact id: '511d7ca043c8cab911af6e6b1e5a624a') in 0.009386 seconds
  Import took 0.013775 seconds .

========================================================================
Received Import Request.
  Time since last request: 52.689618 seconds.
  path: Assets/Materials/disintegrate.mat
  artifactKey: Guid(16b15c45c47765743ba97e52ef20cca9) Importer(815301076,1909f56bfc062723c751e8b465ee728b)
Start importing Assets/Materials/disintegrate.mat using Guid(16b15c45c47765743ba97e52ef20cca9) Importer(815301076,1909f56bfc062723c751e8b465ee728b)  -> (artifact id: 'fc220511959733fbf99876d9f7b2ca99') in 0.198571 seconds
  Import took 0.202831 seconds .

========================================================================
Received Import Request.
  Time since last request: 911.840412 seconds.
  path: Assets/Shaders/New Shader Graph.shadergraph
  artifactKey: Guid(e2dd5d1394f4cd04fafc347444b561c1) Importer(815301076,1909f56bfc062723c751e8b465ee728b)
Start importing Assets/Shaders/New Shader Graph.shadergraph using Guid(e2dd5d1394f4cd04fafc347444b561c1) Importer(815301076,1909f56bfc062723c751e8b465ee728b)  -> (artifact id: '1413b449693ce9a6c590ed7aba22521a') in 0.004190 seconds
  Import took 0.009371 seconds .

========================================================================
Received Import Request.
  Time since last request: 0.421929 seconds.
  path: Assets/Shaders/New Shader Graph.shadergraph
  artifactKey: Guid(e2dd5d1394f4cd04fafc347444b561c1) Importer(815301076,1909f56bfc062723c751e8b465ee728b)
Start importing Assets/Shaders/New Shader Graph.shadergraph using Guid(e2dd5d1394f4cd04fafc347444b561c1) Importer(815301076,1909f56bfc062723c751e8b465ee728b)  -> (artifact id: '1413b449693ce9a6c590ed7aba22521a') in 0.004330 seconds
  Import took 0.009014 seconds .

========================================================================
Received Import Request.
  Time since last request: 321.475212 seconds.
  path: Assets/Shaders/disintegrate2.shadergraph
  artifactKey: Guid(1fbf0e0002cb18145a95403ec7faca1e) Importer(815301076,1909f56bfc062723c751e8b465ee728b)
Start importing Assets/Shaders/disintegrate2.shadergraph using Guid(1fbf0e0002cb18145a95403ec7faca1e) Importer(815301076,1909f56bfc062723c751e8b465ee728b)  -> (artifact id: 'ea433dc3f876afe46fe21da37d9a83ad') in 0.008834 seconds
  Import took 0.014391 seconds .

========================================================================
Received Import Request.
  Time since last request: 1201.880622 seconds.
  path: Assets/Materials/disintegrate.mat
  artifactKey: Guid(16b15c45c47765743ba97e52ef20cca9) Importer(815301076,1909f56bfc062723c751e8b465ee728b)
Start importing Assets/Materials/disintegrate.mat using Guid(16b15c45c47765743ba97e52ef20cca9) Importer(815301076,1909f56bfc062723c751e8b465ee728b)  -> (artifact id: 'c197655d8418aa6f679642a1bf51b671') in 0.338664 seconds
  Import took 0.344450 seconds .

========================================================================
Received Import Request.
  Time since last request: 52.485989 seconds.
  path: Assets/Scenes/SampleSceneSettings.lighting
  artifactKey: Guid(4e12f1fab07f25a4f97648aee87e8150) Importer(815301076,1909f56bfc062723c751e8b465ee728b)
Start importing Assets/Scenes/SampleSceneSettings.lighting using Guid(4e12f1fab07f25a4f97648aee87e8150) Importer(815301076,1909f56bfc062723c751e8b465ee728b)  -> (artifact id: 'cb4ca796dfa4741899c1e6352d62c528') in 0.009117 seconds
  Import took 0.013279 seconds .

========================================================================
Received Import Request.
  Time since last request: 2.652716 seconds.
  path: Assets/Scenes/SampleSceneSettings.lighting
  artifactKey: Guid(4e12f1fab07f25a4f97648aee87e8150) Importer(815301076,1909f56bfc062723c751e8b465ee728b)
Start importing Assets/Scenes/SampleSceneSettings.lighting using Guid(4e12f1fab07f25a4f97648aee87e8150) Importer(815301076,1909f56bfc062723c751e8b465ee728b)  -> (artifact id: 'cb4ca796dfa4741899c1e6352d62c528') in 0.002884 seconds
  Import took 0.007316 seconds .

========================================================================
Received Import Request.
  Time since last request: 1.188795 seconds.
  path: Assets/Scenes/SampleScene.unity
  artifactKey: Guid(9fc0d4010bbf28b4594072e72b8655ab) Importer(815301076,1909f56bfc062723c751e8b465ee728b)
Start importing Assets/Scenes/SampleScene.unity using Guid(9fc0d4010bbf28b4594072e72b8655ab) Importer(815301076,1909f56bfc062723c751e8b465ee728b)  -> (artifact id: 'ca5ce8072e86a99a5ba035ca962bfa33') in 0.008275 seconds
  Import took 0.012492 seconds .

========================================================================
Received Import Request.
  Time since last request: 724.956145 seconds.
  path: Assets/Shaders/ice.shadergraph
  artifactKey: Guid(a573631bf3fb47749ae20959e0b16212) Importer(815301076,1909f56bfc062723c751e8b465ee728b)
Start importing Assets/Shaders/ice.shadergraph using Guid(a573631bf3fb47749ae20959e0b16212) Importer(815301076,1909f56bfc062723c751e8b465ee728b)  -> (artifact id: 'a8ce62bc6da9fa7bb69718889a640842') in 0.008624 seconds
  Import took 0.014399 seconds .

========================================================================
Received Import Request.
  Time since last request: 15.453316 seconds.
  path: Assets/Materials/ice.mat
  artifactKey: Guid(9487527c60f12194a8b5b6c7412d688f) Importer(815301076,1909f56bfc062723c751e8b465ee728b)
Start importing Assets/Materials/ice.mat using Guid(9487527c60f12194a8b5b6c7412d688f) Importer(815301076,1909f56bfc062723c751e8b465ee728b)  -> (artifact id: '32a7f026d3c0c46933ca913aea53eef4') in 0.021377 seconds
  Import took 0.026941 seconds .

========================================================================
Received Import Request.
  Time since last request: 811.305071 seconds.
  path: Assets/Materials/ice.mat
  artifactKey: Guid(9487527c60f12194a8b5b6c7412d688f) Importer(815301076,1909f56bfc062723c751e8b465ee728b)
Start importing Assets/Materials/ice.mat using Guid(9487527c60f12194a8b5b6c7412d688f) Importer(815301076,1909f56bfc062723c751e8b465ee728b)  -> (artifact id: 'bf4a75eed0a6073d49eaf8096c9fee34') in 0.028291 seconds
  Import took 0.034295 seconds .

========================================================================
Received Import Request.
  Time since last request: 0.001121 seconds.
  path: Assets/Materials/ice.mat
  artifactKey: Guid(9487527c60f12194a8b5b6c7412d688f) Importer(815301076,1909f56bfc062723c751e8b465ee728b)
Start importing Assets/Materials/ice.mat using Guid(9487527c60f12194a8b5b6c7412d688f) Importer(815301076,1909f56bfc062723c751e8b465ee728b)  -> (artifact id: 'bf4a75eed0a6073d49eaf8096c9fee34') in 0.014363 seconds
  Import took 0.020331 seconds .

