Using pre-set license
Built from '2020.3/staging' branch; Version is '2020.3.11f1 (99c7afb366b3) revision 10078127'; Using compiler version '192528614'; Build Type 'Release'
OS: 'Windows 10 Home; OS build 19043.1165; Version 2009; 64bit' Language: 'en' Physical Memory: 8003 MB
BatchMode: 1, IsHumanControllingUs: 0, StartBugReporterOnCrash: 0, Is64bit: 1, IsPro: 0

 COMMAND LINE ARGUMENTS:
C:\Program Files\Unity\2020.3.11f1\Editor\Unity.exe
-adb2
-batchMode
-noUpm
-name
AssetImportWorker0
-projectPath
C:/Users/itsna/Documents/holbertonschool-unity/0x0D-unity-shadergraph
-logFile
Logs/AssetImportWorker0.log
-srvPort
57404
Successfully changed project path to: C:/Users/itsna/Documents/holbertonschool-unity/0x0D-unity-shadergraph
C:/Users/itsna/Documents/holbertonschool-unity/0x0D-unity-shadergraph
Using Asset Import Pipeline V2.
Refreshing native plugins compatible for Editor in 54.18 ms, found 2 plugins.
Preloading 0 native plugins for Editor in 0.00 ms.
Initialize engine version: 2020.3.11f1 (99c7afb366b3)
[Subsystems] Discovering subsystems at path C:/Program Files/Unity/2020.3.11f1/Editor/Data/Resources/UnitySubsystems
[Subsystems] Discovering subsystems at path C:/Users/itsna/Documents/holbertonschool-unity/0x0D-unity-shadergraph/Assets
GfxDevice: creating device client; threaded=0
Direct3D:
    Version:  Direct3D 11.0 [level 11.1]
    Renderer: NVIDIA GeForce GTX 1660 Ti with Max-Q Design (ID=0x2191)
    Vendor:   
    VRAM:     5991 MB
    Driver:   30.0.14.7111
Shader 'Universal Render Pipeline/Particles/Lit': fallback shader 'Universal Render Pipeline/Particles/SimpleLit' not found
Initialize mono
Mono path[0] = 'C:/Program Files/Unity/2020.3.11f1/Editor/Data/Managed'
Mono path[1] = 'C:/Program Files/Unity/2020.3.11f1/Editor/Data/MonoBleedingEdge/lib/mono/unityjit'
Mono config path = 'C:/Program Files/Unity/2020.3.11f1/Editor/Data/MonoBleedingEdge/etc'
Using monoOptions --debugger-agent=transport=dt_socket,embedding=1,server=y,suspend=n,address=127.0.0.1:56844
Begin MonoManager ReloadAssembly
Registering precompiled unity dll's ...
Register platform support module: C:/Program Files/Unity/2020.3.11f1/Editor/Data/PlaybackEngines/MacStandaloneSupport/UnityEditor.OSXStandalone.Extensions.dll
Register platform support module: C:/Program Files/Unity/2020.3.11f1/Editor/Data/PlaybackEngines/WindowsStandaloneSupport/UnityEditor.WindowsStandalone.Extensions.dll
Register platform support module: C:/Program Files/Unity/2020.3.11f1/Editor/Data/PlaybackEngines/LinuxStandaloneSupport/UnityEditor.LinuxStandalone.Extensions.dll
Registered in 0.004760 seconds.
Native extension for LinuxStandalone target not found
Native extension for WindowsStandalone target not found
Native extension for OSXStandalone target not found
Refreshing native plugins compatible for Editor in 42.89 ms, found 2 plugins.
Preloading 0 native plugins for Editor in 0.00 ms.
Mono: successfully reloaded assembly
- Completed reload, in  2.344 seconds
Platform modules already initialized, skipping
Registering precompiled user dll's ...
Registered in 0.015499 seconds.
Begin MonoManager ReloadAssembly
Native extension for LinuxStandalone target not found
Native extension for WindowsStandalone target not found
Native extension for OSXStandalone target not found
Refreshing native plugins compatible for Editor in 42.84 ms, found 2 plugins.
Preloading 0 native plugins for Editor in 0.00 ms.
Mono: successfully reloaded assembly
- Completed reload, in  1.095 seconds
Platform modules already initialized, skipping
========================================================================
Worker process is ready to serve import requests
Shader 'Universal Render Pipeline/Particles/Lit': fallback shader 'Universal Render Pipeline/Particles/SimpleLit' not found
Launched and connected shader compiler UnityShaderCompiler.exe after 0.06 seconds
Refreshing native plugins compatible for Editor in 0.51 ms, found 2 plugins.
Preloading 0 native plugins for Editor in 0.00 ms.
Unloading 2692 Unused Serialized files (Serialized files now loaded: 0)
System memory in use before: 123.0 MB.
System memory in use after: 123.2 MB.

Unloading 19 unused Assets to reduce memory usage. Loaded Objects now: 3125.
Total: 2.209200 ms (FindLiveObjects: 0.272300 ms CreateObjectMapping: 0.137800 ms MarkObjects: 1.717200 ms  DeleteObjects: 0.080900 ms)

========================================================================
Received Import Request.
  path: Assets/Shaders/ice.shadergraph
  artifactKey: Guid(a573631bf3fb47749ae20959e0b16212) Importer(815301076,1909f56bfc062723c751e8b465ee728b)
Start importing Assets/Shaders/ice.shadergraph using Guid(a573631bf3fb47749ae20959e0b16212) Importer(815301076,1909f56bfc062723c751e8b465ee728b)  -> (artifact id: 'ca36c8b3c7efc91db49c9a3483e233e6') in 0.046929 seconds
  Import took 0.051718 seconds .

========================================================================
Received Import Request.
  Time since last request: 0.047242 seconds.
  path: Assets/Shaders/disintegrate.shadergraph
  artifactKey: Guid(e50c114565979f04d8a7445d38f84ba1) Importer(815301076,1909f56bfc062723c751e8b465ee728b)
Start importing Assets/Shaders/disintegrate.shadergraph using Guid(e50c114565979f04d8a7445d38f84ba1) Importer(815301076,1909f56bfc062723c751e8b465ee728b)  -> (artifact id: 'e30a824ee48f62c01022828724ac67da') in 0.005107 seconds
  Import took 0.009283 seconds .

========================================================================
Received Import Request.
  Time since last request: 0.005999 seconds.
  path: Assets/Materials/ice.mat
  artifactKey: Guid(9487527c60f12194a8b5b6c7412d688f) Importer(815301076,1909f56bfc062723c751e8b465ee728b)
Start importing Assets/Materials/ice.mat using Guid(9487527c60f12194a8b5b6c7412d688f) Importer(815301076,1909f56bfc062723c751e8b465ee728b)  -> (artifact id: '760d29e1829f62c66dadd52e56185d7a') in 0.212374 seconds
  Import took 0.217157 seconds .

AssetImportWorkerClient::OnTransportError - code=2 error=End of file
