Using pre-set license
Built from '2020.3/staging' branch; Version is '2020.3.11f1 (99c7afb366b3) revision 10078127'; Using compiler version '192528614'; Build Type 'Release'
OS: 'Windows 10 Home; OS build 19041.1052; Version 2004; 64bit' Language: 'en' Physical Memory: 8003 MB
BatchMode: 1, IsHumanControllingUs: 0, StartBugReporterOnCrash: 0, Is64bit: 1, IsPro: 0

 COMMAND LINE ARGUMENTS:
C:\Program Files\Unity\2020.3.11f1\Editor\Unity.exe
-adb2
-batchMode
-noUpm
-name
AssetImportWorker0
-projectPath
C:/Users/itsna/Documents/holbertonschool-unity/0x0C-unity-ar_slingshot_game
-logFile
Logs/AssetImportWorker0.log
-srvPort
50783
Successfully changed project path to: C:/Users/itsna/Documents/holbertonschool-unity/0x0C-unity-ar_slingshot_game
C:/Users/itsna/Documents/holbertonschool-unity/0x0C-unity-ar_slingshot_game
Using Asset Import Pipeline V2.
Refreshing native plugins compatible for Editor in 49.92 ms, found 2 plugins.
Preloading 0 native plugins for Editor in 0.00 ms.
Initialize engine version: 2020.3.11f1 (99c7afb366b3)
[Subsystems] Discovering subsystems at path C:/Program Files/Unity/2020.3.11f1/Editor/Data/Resources/UnitySubsystems
[Subsystems] Discovering subsystems at path C:/Users/itsna/Documents/holbertonschool-unity/0x0C-unity-ar_slingshot_game/Assets
GfxDevice: creating device client; threaded=0
Direct3D:
    Version:  Direct3D 11.0 [level 11.1]
    Renderer: NVIDIA GeForce GTX 1660 Ti with Max-Q Design (ID=0x2191)
    Vendor:   
    VRAM:     5991 MB
    Driver:   27.21.14.6192
Initialize mono
Mono path[0] = 'C:/Program Files/Unity/2020.3.11f1/Editor/Data/Managed'
Mono path[1] = 'C:/Program Files/Unity/2020.3.11f1/Editor/Data/MonoBleedingEdge/lib/mono/unityjit'
Mono config path = 'C:/Program Files/Unity/2020.3.11f1/Editor/Data/MonoBleedingEdge/etc'
Using monoOptions --debugger-agent=transport=dt_socket,embedding=1,server=y,suspend=n,address=127.0.0.1:56620
Begin MonoManager ReloadAssembly
Registering precompiled unity dll's ...
Register platform support module: C:/Program Files/Unity/2020.3.11f1/Editor/Data/PlaybackEngines/MacStandaloneSupport/UnityEditor.OSXStandalone.Extensions.dll
Register platform support module: C:/Program Files/Unity/2020.3.11f1/Editor/Data/PlaybackEngines/WindowsStandaloneSupport/UnityEditor.WindowsStandalone.Extensions.dll
Register platform support module: C:/Program Files/Unity/2020.3.11f1/Editor/Data/PlaybackEngines/LinuxStandaloneSupport/UnityEditor.LinuxStandalone.Extensions.dll
Registered in 0.004703 seconds.
Native extension for LinuxStandalone target not found
Native extension for WindowsStandalone target not found
Native extension for OSXStandalone target not found
Refreshing native plugins compatible for Editor in 30.64 ms, found 2 plugins.
Preloading 0 native plugins for Editor in 0.00 ms.
Mono: successfully reloaded assembly
- Completed reload, in  4.984 seconds
Platform modules already initialized, skipping
Registering precompiled user dll's ...
Registered in 0.012072 seconds.
Begin MonoManager ReloadAssembly
Native extension for LinuxStandalone target not found
Native extension for WindowsStandalone target not found
Native extension for OSXStandalone target not found
Refreshing native plugins compatible for Editor in 30.51 ms, found 2 plugins.
Preloading 0 native plugins for Editor in 0.00 ms.
Mono: successfully reloaded assembly
- Completed reload, in  1.122 seconds
Platform modules already initialized, skipping
========================================================================
Worker process is ready to serve import requests
Launched and connected shader compiler UnityShaderCompiler.exe after 0.06 seconds
Refreshing native plugins compatible for Editor in 0.47 ms, found 2 plugins.
Preloading 0 native plugins for Editor in 0.00 ms.
Unloading 1814 Unused Serialized files (Serialized files now loaded: 0)
System memory in use before: 79.5 MB.
System memory in use after: 79.6 MB.

Unloading 19 unused Assets to reduce memory usage. Loaded Objects now: 2253.
Total: 5.946000 ms (FindLiveObjects: 0.187600 ms CreateObjectMapping: 0.070200 ms MarkObjects: 5.227400 ms  DeleteObjects: 0.458800 ms)

========================================================================
Received Import Request.
  path: Assets/Sounds/Button.mp3
  artifactKey: Guid(77132e17060093948974dacbdc3d0e28) Importer(815301076,1909f56bfc062723c751e8b465ee728b)
Start importing Assets/Sounds/Button.mp3 using Guid(77132e17060093948974dacbdc3d0e28) Importer(815301076,1909f56bfc062723c751e8b465ee728b)  -> (artifact id: '5b5546ed9e5eb4c4b74e016182e169de') in 0.136216 seconds
  Import took 0.140279 seconds .

========================================================================
Received Import Request.
  Time since last request: 0.000524 seconds.
  path: Assets/Sounds/Slingshot.mp3
  artifactKey: Guid(52c8bdce9a1ee26419308e027d74b2a1) Importer(815301076,1909f56bfc062723c751e8b465ee728b)
Start importing Assets/Sounds/Slingshot.mp3 using Guid(52c8bdce9a1ee26419308e027d74b2a1) Importer(815301076,1909f56bfc062723c751e8b465ee728b)  -> (artifact id: '3a9c0eb28bd97296edaa0488c37f0df7') in 0.014716 seconds
  Import took 0.019155 seconds .

========================================================================
Received Import Request.
  Time since last request: 18.925312 seconds.
  path: Assets/Sounds/Button.mp3
  artifactKey: Guid(77132e17060093948974dacbdc3d0e28) Importer(815301076,1909f56bfc062723c751e8b465ee728b)
Start importing Assets/Sounds/Button.mp3 using Guid(77132e17060093948974dacbdc3d0e28) Importer(815301076,1909f56bfc062723c751e8b465ee728b)  -> (artifact id: 'd988fe1c25d378118b5e2450c244ecf4') in 0.011088 seconds
  Import took 0.015666 seconds .

========================================================================
Received Import Request.
  Time since last request: 0.000282 seconds.
  path: Assets/Sounds/Slingshot.mp3
  artifactKey: Guid(52c8bdce9a1ee26419308e027d74b2a1) Importer(815301076,1909f56bfc062723c751e8b465ee728b)
Start importing Assets/Sounds/Slingshot.mp3 using Guid(52c8bdce9a1ee26419308e027d74b2a1) Importer(815301076,1909f56bfc062723c751e8b465ee728b)  -> (artifact id: '909544153f5eb087946397976c1f0bbc') in 0.012530 seconds
  Import took 0.016651 seconds .

========================================================================
Received Import Request.
  Time since last request: 179.656919 seconds.
  path: Assets/Prefabs/Ammo.prefab
  artifactKey: Guid(9b432b15fed5e3c4e9bbbb7d08b514ca) Importer(815301076,1909f56bfc062723c751e8b465ee728b)
Start importing Assets/Prefabs/Ammo.prefab using Guid(9b432b15fed5e3c4e9bbbb7d08b514ca) Importer(815301076,1909f56bfc062723c751e8b465ee728b)  -> (artifact id: '46eb054348b242f08ea835e1ecaf811b') in 0.257812 seconds
  Import took 0.261852 seconds .

========================================================================
Received Import Request.
  Time since last request: 3.460790 seconds.
  path: Assets/Prefabs/Ammo.prefab
  artifactKey: Guid(9b432b15fed5e3c4e9bbbb7d08b514ca) Importer(815301076,1909f56bfc062723c751e8b465ee728b)
Start importing Assets/Prefabs/Ammo.prefab using Guid(9b432b15fed5e3c4e9bbbb7d08b514ca) Importer(815301076,1909f56bfc062723c751e8b465ee728b)  -> (artifact id: '9f8b6a8760a673f0833702db6c25964a') in 0.125363 seconds
  Import took 0.128784 seconds .

========================================================================
Received Import Request.
  Time since last request: 4.124140 seconds.
  path: Assets/Prefabs/Ammo.prefab
  artifactKey: Guid(9b432b15fed5e3c4e9bbbb7d08b514ca) Importer(815301076,1909f56bfc062723c751e8b465ee728b)
Start importing Assets/Prefabs/Ammo.prefab using Guid(9b432b15fed5e3c4e9bbbb7d08b514ca) Importer(815301076,1909f56bfc062723c751e8b465ee728b)  -> (artifact id: '38d17f31ddd00230b06a059901602128') in 0.120302 seconds
  Import took 0.124258 seconds .

========================================================================
Received Import Request.
  Time since last request: 3.733643 seconds.
  path: Assets/Prefabs/Ammo.prefab
  artifactKey: Guid(9b432b15fed5e3c4e9bbbb7d08b514ca) Importer(815301076,1909f56bfc062723c751e8b465ee728b)
Start importing Assets/Prefabs/Ammo.prefab using Guid(9b432b15fed5e3c4e9bbbb7d08b514ca) Importer(815301076,1909f56bfc062723c751e8b465ee728b)  -> (artifact id: 'bd045087cf576bdd34fe75b0e170f88a') in 0.124186 seconds
  Import took 0.127669 seconds .

========================================================================
Received Prepare
Registering precompiled user dll's ...
Registered in 0.007344 seconds.
Begin MonoManager ReloadAssembly
Native extension for LinuxStandalone target not found
Native extension for WindowsStandalone target not found
Native extension for OSXStandalone target not found
Refreshing native plugins compatible for Editor in 0.51 ms, found 2 plugins.
Preloading 0 native plugins for Editor in 0.00 ms.
Mono: successfully reloaded assembly
- Completed reload, in  1.107 seconds
Platform modules already initialized, skipping
Switching build target platform(19) subTarget(0) extendedPlatform(0) -> platform(13) subTarget(524288) extendedPlatform(0)
Refreshing native plugins compatible for Editor in 0.41 ms, found 2 plugins.
Preloading 0 native plugins for Editor in 0.00 ms.
Unloading 1805 Unused Serialized files (Serialized files now loaded: 0)
System memory in use before: 82.2 MB.
System memory in use after: 82.3 MB.

Unloading 15 unused Assets to reduce memory usage. Loaded Objects now: 2266.
Total: 2.088500 ms (FindLiveObjects: 0.212500 ms CreateObjectMapping: 0.111300 ms MarkObjects: 1.722200 ms  DeleteObjects: 0.041200 ms)

AssetImportParameters requested are different than current active one (requested -> active):
  custom:graphics/normal-map-encoding: 01000000000000000000000000000000 -> 02000000000000000000000000000000
========================================================================
Received Import Request.
  Time since last request: 183.599447 seconds.
  path: Assets/Sounds/GameEnd.mp3
  artifactKey: Guid(d08dc8506e81d244da60fd09a9e8594d) Importer(815301076,1909f56bfc062723c751e8b465ee728b)
Start importing Assets/Sounds/GameEnd.mp3 using Guid(d08dc8506e81d244da60fd09a9e8594d) Importer(815301076,1909f56bfc062723c751e8b465ee728b)  -> (artifact id: '61e946e6191e54ab0d8af6cc06bafd72') in 0.061927 seconds
  Import took 0.066061 seconds .

========================================================================
Received Import Request.
  Time since last request: 5.584032 seconds.
  path: Assets/Sounds/GameEnd.mp3
  artifactKey: Guid(d08dc8506e81d244da60fd09a9e8594d) Importer(815301076,1909f56bfc062723c751e8b465ee728b)
Start importing Assets/Sounds/GameEnd.mp3 using Guid(d08dc8506e81d244da60fd09a9e8594d) Importer(815301076,1909f56bfc062723c751e8b465ee728b)  -> (artifact id: 'a618eeb6a62dca1f7cc858583d106e53') in 0.009677 seconds
  Import took 0.013962 seconds .

========================================================================
Received Import Request.
  Time since last request: 0.005947 seconds.
  path: Assets/Sounds/GameEnd.mp3
  artifactKey: Guid(d08dc8506e81d244da60fd09a9e8594d) Importer(815301076,1909f56bfc062723c751e8b465ee728b)
Start importing Assets/Sounds/GameEnd.mp3 using Guid(d08dc8506e81d244da60fd09a9e8594d) Importer(815301076,1909f56bfc062723c751e8b465ee728b)  -> (artifact id: 'a618eeb6a62dca1f7cc858583d106e53') in 0.010821 seconds
  Import took 0.014734 seconds .

========================================================================
Received Prepare
Registering precompiled user dll's ...
Registered in 0.007884 seconds.
Begin MonoManager ReloadAssembly
Native extension for LinuxStandalone target not found
Native extension for WindowsStandalone target not found
Native extension for OSXStandalone target not found
Refreshing native plugins compatible for Editor in 0.39 ms, found 2 plugins.
Preloading 0 native plugins for Editor in 0.00 ms.
Mono: successfully reloaded assembly
- Completed reload, in  0.938 seconds
Platform modules already initialized, skipping
Switching build target platform(19) subTarget(0) extendedPlatform(0) -> platform(13) subTarget(524288) extendedPlatform(0)
Refreshing native plugins compatible for Editor in 0.40 ms, found 2 plugins.
Preloading 0 native plugins for Editor in 0.00 ms.
Unloading 1805 Unused Serialized files (Serialized files now loaded: 0)
System memory in use before: 82.3 MB.
System memory in use after: 82.3 MB.

Unloading 15 unused Assets to reduce memory usage. Loaded Objects now: 2271.
Total: 1.857900 ms (FindLiveObjects: 0.194100 ms CreateObjectMapping: 0.063500 ms MarkObjects: 1.563000 ms  DeleteObjects: 0.036200 ms)

AssetImportParameters requested are different than current active one (requested -> active):
  custom:graphics/normal-map-encoding: 01000000000000000000000000000000 -> 02000000000000000000000000000000
========================================================================
Received Prepare
Refreshing native plugins compatible for Editor in 3.21 ms, found 2 plugins.
Preloading 0 native plugins for Editor in 0.00 ms.
Unloading 13 Unused Serialized files (Serialized files now loaded: 0)
System memory in use before: 46.1 MB.
System memory in use after: 46.2 MB.

Unloading 11 unused Assets to reduce memory usage. Loaded Objects now: 2272.
Total: 2.158400 ms (FindLiveObjects: 0.198600 ms CreateObjectMapping: 0.071700 ms MarkObjects: 1.868300 ms  DeleteObjects: 0.018700 ms)

========================================================================
Received Prepare
Registering precompiled user dll's ...
Registered in 0.010290 seconds.
Begin MonoManager ReloadAssembly
Native extension for LinuxStandalone target not found
Native extension for WindowsStandalone target not found
Native extension for OSXStandalone target not found
Refreshing native plugins compatible for Editor in 0.75 ms, found 2 plugins.
Preloading 0 native plugins for Editor in 0.00 ms.
Mono: successfully reloaded assembly
- Completed reload, in  2.184 seconds
Platform modules already initialized, skipping
Switching build target platform(19) subTarget(0) extendedPlatform(0) -> platform(9) subTarget(16777218) extendedPlatform(0)
Refreshing native plugins compatible for Editor in 0.65 ms, found 2 plugins.
Preloading 0 native plugins for Editor in 0.00 ms.
Unloading 1808 Unused Serialized files (Serialized files now loaded: 0)
System memory in use before: 82.1 MB.
System memory in use after: 82.2 MB.

Unloading 14 unused Assets to reduce memory usage. Loaded Objects now: 2284.
Total: 11.428100 ms (FindLiveObjects: 0.831600 ms CreateObjectMapping: 0.175800 ms MarkObjects: 10.376300 ms  DeleteObjects: 0.041800 ms)

AssetImportParameters requested are different than current active one (requested -> active):
  custom:graphics/normal-map-encoding: 01000000000000000000000000000000 -> 02000000000000000000000000000000
========================================================================
Received Prepare
Refreshing native plugins compatible for Editor in 8.07 ms, found 2 plugins.
Preloading 0 native plugins for Editor in 0.00 ms.
Unloading 12 Unused Serialized files (Serialized files now loaded: 0)
System memory in use before: 45.7 MB.
System memory in use after: 45.9 MB.

Unloading 11 unused Assets to reduce memory usage. Loaded Objects now: 2284.
Total: 3.468500 ms (FindLiveObjects: 0.326200 ms CreateObjectMapping: 0.095500 ms MarkObjects: 3.019500 ms  DeleteObjects: 0.025900 ms)

========================================================================
Received Import Request.
  Time since last request: 219.368875 seconds.
  path: Assets/Sounds/Button.mp3
  artifactKey: Guid(77132e17060093948974dacbdc3d0e28) Importer(815301076,1909f56bfc062723c751e8b465ee728b)
Start importing Assets/Sounds/Button.mp3 using Guid(77132e17060093948974dacbdc3d0e28) Importer(815301076,1909f56bfc062723c751e8b465ee728b)  -> (artifact id: '7df5077725b1ba1fccd9cf7544312611') in 0.143931 seconds
  Import took 0.149738 seconds .

========================================================================
Received Import Request.
  Time since last request: 0.000331 seconds.
  path: Assets/Sounds/Score.mp3
  artifactKey: Guid(cfcc74ae090765d46a32783f75272c3e) Importer(815301076,1909f56bfc062723c751e8b465ee728b)
Start importing Assets/Sounds/Score.mp3 using Guid(cfcc74ae090765d46a32783f75272c3e) Importer(815301076,1909f56bfc062723c751e8b465ee728b)  -> (artifact id: '6da150bb2855b98dd3f5bdae58dbe805') in 0.013026 seconds
  Import took 0.016484 seconds .

========================================================================
Received Import Request.
  Time since last request: 0.000284 seconds.
  path: Assets/Sounds/Slingshot.mp3
  artifactKey: Guid(52c8bdce9a1ee26419308e027d74b2a1) Importer(815301076,1909f56bfc062723c751e8b465ee728b)
Start importing Assets/Sounds/Slingshot.mp3 using Guid(52c8bdce9a1ee26419308e027d74b2a1) Importer(815301076,1909f56bfc062723c751e8b465ee728b)  -> (artifact id: '56dfeed673c3dacea9539e4909468f66') in 0.014504 seconds
  Import took 0.018018 seconds .

========================================================================
Received Import Request.
  Time since last request: 0.000463 seconds.
  path: Assets/Sounds/GameEnd.mp3
  artifactKey: Guid(d08dc8506e81d244da60fd09a9e8594d) Importer(815301076,1909f56bfc062723c751e8b465ee728b)
Start importing Assets/Sounds/GameEnd.mp3 using Guid(d08dc8506e81d244da60fd09a9e8594d) Importer(815301076,1909f56bfc062723c751e8b465ee728b)  -> (artifact id: '512aaa81123a4aaed9cdb735b2277938') in 0.012266 seconds
  Import took 0.016222 seconds .

========================================================================
Received Prepare
Refreshing native plugins compatible for Editor in 3.49 ms, found 2 plugins.
Preloading 0 native plugins for Editor in 0.00 ms.
Unloading 12 Unused Serialized files (Serialized files now loaded: 0)
System memory in use before: 45.8 MB.
System memory in use after: 45.9 MB.

Unloading 12 unused Assets to reduce memory usage. Loaded Objects now: 2284.
Total: 3.644500 ms (FindLiveObjects: 0.270700 ms CreateObjectMapping: 0.097300 ms MarkObjects: 3.217000 ms  DeleteObjects: 0.058200 ms)

AssetImportWorkerClient::OnTransportError - code=2 error=End of file
